🛸 Pipeline completed
Last run: 2026-03-14 19:30:00
Signals: 15
Open trades: 10
Top signal: UP/USD
🛸 Pipeline completed
Last run: 2026-03-14 19:35:00
Signals: 15
Open trades: 10
Top signal: UP/USD
🛸 Pipeline completed
Last run: 2026-03-14 19:40:00
Signals: 15
Open trades: 10
Top signal: UP/USD
🛸 Pipeline completed
Last run: 2026-03-14 19:45:00
Signals: 15
Open trades: 10
Top signal: UP/USD
🛸 Pipeline completed
Last run: 2026-03-14 19:50:00
Signals: 15
Open trades: 10
Top signal: UP/USD
🛸 Pipeline completed
Last run: 2026-03-14 19:55:00
Signals: 15
Open trades: 10
Top signal: UP/USD
🛸 Pipeline completed
Last run: 2026-03-14 20:00:01
Signals: 15
Open trades: 10
Top signal: UP/USD
🛸 Pipeline completed
Last run: 2026-03-14 20:05:00
Signals: 15
Open trades: 10
Top signal: UP/USD
🛸 Pipeline completed
Last run: 2026-03-14 20:10:00
Signals: 15
Open trades: 10
Top signal: UP/USD
🛸 Pipeline completed
Last run: 2026-03-14 20:15:01
Signals: 15
Open trades: 10
Top signal: UP/USD
🛸 Pipeline completed
Last run: 2026-03-14 20:20:00
Signals: 15
Open trades: 10
Top signal: UP/USD
